\BOOKMARK [1][-]{section.1}{\376\377\000T\000\363\000m\000\040\000t\036\257\000t}{}% 1
\BOOKMARK [1][-]{section.2}{\376\377\001\020\036\313\000n\000h\000\040\000n\000g\000h\001\051\000a\000\040\000b\000\340\000i\000\040\000t\000o\000\341\000n}{}% 2
\BOOKMARK [1][-]{section.3}{\376\377\000K\000i\036\277\000n\000\040\000t\000r\000\372\000c\000:\000\040\000t\000\341\000c\000h\000\040\000l\000u\036\323\000n\000g\000\040\000x\036\355\000\040\000l\000\375\000\040\000o\000f\000f\000l\000i\000n\000e\000\040\000v\000\340\000\040\000l\000u\036\323\000n\000g\000\040\000t\000r\000u\000y\000\040\000v\036\245\000n\000\040\000o\000n\000l\000i\000n\000e}{}% 3
\BOOKMARK [2][-]{subsection.3.1}{\376\377\000L\000u\036\323\000n\000g\000\040\000i\000n\000g\000e\000s\000t\000/\000x\036\355\000\040\000l\000\375\000\040\000o\000f\000f\000l\000i\000n\000e}{section.3}% 4
\BOOKMARK [2][-]{subsection.3.2}{\376\377\000L\000u\036\323\000n\000g\000\040\000r\000e\000t\000r\000i\000e\000v\000a\000l\000\040\000o\000n\000l\000i\000n\000e}{section.3}% 5
\BOOKMARK [1][-]{section.4}{\376\377\000C\000\341\000c\000\040\000p\000h\001\260\001\241\000n\000g\000\040\000p\000h\000\341\000p\000\040\000r\000e\000t\000r\000i\000e\000v\000a\000l}{}% 6
\BOOKMARK [1][-]{section.5}{\376\377\000C\000\341\000c\000\040\000t\000h\000\355\000\040\000n\000g\000h\000i\036\307\000m\000\040\000a\000b\000l\000a\000t\000i\000o\000n}{}% 7
\BOOKMARK [2][-]{subsection.5.1}{\376\377\000T\000h\000\355\000\040\000n\000g\000h\000i\036\307\000m\000\040\000i\000n\000d\000e\000x\000:\000\040\000B\000M\0002\0005\000\040\000c\000\363\000\040\000t\000i\000t\000l\000e\000-\000a\000w\000a\000r\000e}{section.5}% 8
\BOOKMARK [2][-]{subsection.5.2}{\376\377\000T\000h\000\355\000\040\000n\000g\000h\000i\036\307\000m\000\040\000g\036\331\000p\000\040\000h\036\241\000n\000g\000:\000\040\000R\000R\000F\000\040\000s\000o\000\040\000v\036\333\000i\000\040\000c\000r\000o\000s\000s\000-\000e\000n\000c\000o\000d\000e\000r\000\040\000r\000e\000r\000a\000n\000k\000e\000r}{section.5}% 9
\BOOKMARK [2][-]{subsection.5.3}{\376\377\000T\000h\000\355\000\040\000n\000g\000h\000i\036\307\000m\000\040\000s\000i\000n\000h\000\040\036\351\000n\000g\000\040\000v\000i\000\352\000n\000:\000\040\000t\000r\000u\000y\000\040\000x\000u\036\245\000t\000\040\000b\000r\000i\000d\000g\000e\000-\000a\000w\000a\000r\000e}{section.5}% 10
\BOOKMARK [2][-]{subsection.5.4}{\376\377\000T\000h\000\355\000\040\000n\000g\000h\000i\036\307\000m\000\040\000s\000i\000\352\000u\000\040\000t\000h\000a\000m\000\040\000s\036\321\000:\000\040\000t\000i\000n\000h\000\040\000c\000h\036\311\000n\000h\000\040\000t\000r\000u\000y\000\040\000x\000u\036\245\000t\000\040\000b\000r\000i\000d\000g\000e\000-\000a\000w\000a\000r\000e}{section.5}% 11
\BOOKMARK [2][-]{subsection.5.5}{\376\377\000T\000h\000\355\000\040\000n\000g\000h\000i\036\307\000m\000\040\001\021\036\331\000\040\000b\036\301\000n\000\040\000t\000r\000u\000y\000\040\000v\036\245\000n\000:\000\040\000p\000a\000r\000a\000p\000h\000r\000a\000s\000e}{section.5}% 12
\BOOKMARK [2][-]{subsection.5.6}{\376\377\000T\000h\000\355\000\040\000n\000g\000h\000i\036\307\000m\000\040\000h\036\315\000\040\000r\000e\000t\000r\000i\000e\000v\000a\000l\000:\000\040\000B\000M\0002\0005\000\040\000s\000o\000\040\000v\036\333\000i\000\040\000d\000e\000n\000s\000e\000\040\000v\000\340\000\040\000h\000y\000b\000r\000i\000d}{section.5}% 13
\BOOKMARK [2][-]{subsection.5.7}{\376\377\000T\000h\000\355\000\040\000n\000g\000h\000i\036\307\000m\000\040\000f\000i\000l\000t\000e\000r\000e\000d\000\040\000h\000y\000b\000r\000i\000d\000:\000\040\000h\000y\000b\000r\000i\000d\000\040\000r\036\331\000n\000g\000\040\000s\000o\000\040\000v\036\333\000i\000\040\000h\000y\000b\000r\000i\000d\000\040\000c\000\363\000\040\000r\000\340\000n\000g\000\040\000b\000u\036\331\000c\000\040\000m\000e\000t\000a\000d\000a\000t\000a}{section.5}% 14
\BOOKMARK [2][-]{subsection.5.8}{\376\377\000T\000h\000\355\000\040\000n\000g\000h\000i\036\307\000m\000\040\000c\000r\000o\000s\000s\000-\000d\000a\000t\000a\000s\000e\000t\000:\000\040\000V\000i\000m\000Q\000A\000\040\000B\000M\0002\0005\000\040\000s\000o\000\040\000v\036\333\000i\000\040\000d\000e\000n\000s\000e\000\040\000v\000\340\000\040\000h\000y\000b\000r\000i\000d}{section.5}% 15
\BOOKMARK [2][-]{subsection.5.9}{\376\377\000T\000h\000\355\000\040\000n\000g\000h\000i\036\307\000m\000\040\000m\000e\000t\000a\000d\000a\000t\000a\000\040\000f\000i\000l\000t\000e\000r\000:\000\040\000t\000h\000u\000\040\000h\036\271\000p\000\040\000k\000h\000\364\000n\000g\000\040\000g\000i\000a\000n\000\040\036\351\000n\000g\000\040\000v\000i\000\352\000n}{section.5}% 16
\BOOKMARK [2][-]{subsection.5.10}{\376\377\000T\000h\000\355\000\040\000n\000g\000h\000i\036\307\000m\000\040\000c\000h\000i\036\277\000n\000\040\000l\001\260\036\343\000c\000\040\000t\000\340\000i\000\040\000l\000i\036\307\000u\000:\000\040\000m\036\351\000c\000\040\000t\000\340\000i\000\040\000l\000i\036\307\000u\000\040\000s\000o\000\040\000v\036\333\000i\000\040\000m\036\351\000c\000\040\001\021\000o\036\241\000n}{section.5}% 17
\BOOKMARK [2][-]{subsection.5.11}{\376\377\000T\000h\000\355\000\040\000n\000g\000h\000i\036\307\000m\000\040\000b\000a\000c\000k\000e\000n\000d\000\040\000d\000e\000n\000s\000e\000:\000\040\000E\000l\000a\000s\000t\000i\000c\000s\000e\000a\000r\000c\000h\000\040\000d\000e\000n\000s\000e\000\040\000s\000o\000\040\000v\036\333\000i\000\040\000T\000u\000r\000b\000o\000V\000e\000c\000\040\000v\000\340\000\040\000c\000h\036\311\000\040\000B\000M\0002\0005}{section.5}% 18
\BOOKMARK [2][-]{subsection.5.12}{\376\377\000T\000h\000\355\000\040\000n\000g\000h\000i\036\307\000m\000\040\000q\000u\000y\000\040\000m\000\364\000\040\000c\001\151\000:\000\040\000n\000a\000n\000o\000/\0001\0000\0000\000k\000\040\000v\000\340\000\040\000t\000r\000u\000y\000\040\000x\000u\036\245\000t\000\040\000l\036\267\000p\000\040\000E\000l\000a\000s\000t\000i\000c\000s\000e\000a\000r\000c\000h}{section.5}% 19
\BOOKMARK [1][-]{section.6}{\376\377\001\020\036\331\000\040\000t\000r\036\305\000\040\000v\000\340\000\040\001\021\000\341\000n\000h\000\040\001\021\036\325\000i\000\040\000t\000h\036\335\000i\000\040\000g\000i\000a\000n\000\040\000c\000h\036\241\000y}{}% 20
\BOOKMARK [1][-]{section.7}{\376\377\001\020\000\341\000n\000h\000\040\000g\000i\000\341\000\040\001\021\000a\000\040\000b\001\260\036\333\000c\000\040\000v\000\340\000\040\000c\000h\036\251\000n\000\040\001\021\000o\000\341\000n\000\040\000l\036\327\000i}{}% 21
\BOOKMARK [1][-]{section.8}{\376\377\001\020\036\331\000\040\000b\036\301\000n\000\040\000t\000r\000u\000y\000\040\000v\036\245\000n\000\040\000v\000\340\000\040\000t\000h\000\355\000\040\000n\000g\000h\000i\036\307\000m\000\040\000c\000r\000o\000s\000s\000-\000d\000a\000t\000a\000s\000e\000t}{}% 22
\BOOKMARK [2][-]{subsection.8.1}{\376\377\001\020\036\331\000\040\000b\036\301\000n\000\040\000v\036\333\000i\000\040\000p\000a\000r\000a\000p\000h\000r\000a\000s\000e}{section.8}% 23
\BOOKMARK [2][-]{subsection.8.2}{\376\377\000V\000i\000m\000Q\000A\000\040\000T\000i\036\277\000n\000g\000\040\000V\000i\036\307\000t}{section.8}% 24
\BOOKMARK [1][-]{section.9}{\376\377\000T\000\354\000m\000\040\000k\000i\036\277\000m\000\040\000m\000e\000t\000a\000d\000a\000t\000a\000\040\000n\000g\036\357\000\040\000n\000g\000h\001\051\000a}{}% 25
\BOOKMARK [1][-]{section.10}{\376\377\000T\000h\036\335\000i\000\040\000g\000i\000a\000n\000\040\000c\000h\036\241\000y\000\040\000t\000h\000e\000o\000\040\000d\000a\000t\000a\000s\000e\000t\000\040\000v\000\340\000\040\000l\036\333\000p\000\040\000g\000i\036\243\000i\000\040\000t\000h\000\355\000c\000h}{}% 26
\BOOKMARK [1][-]{section.11}{\376\377\000L\000u\036\323\000n\000g\000\040\000d\000e\000m\000o\000\040\001\021\036\301\000\040\000x\000u\036\245\000t}{}% 27
\BOOKMARK [1][-]{section.12}{\376\377\000K\000h\036\263\000n\000g\000\040\001\021\036\313\000n\000h\000\040\000a\000n\000\040\000t\000o\000\340\000n\000,\000\040\001\021\000i\036\301\000u\000\040\000k\000h\000\364\000n\000g\000\040\000k\000h\036\263\000n\000g\000\040\001\021\036\313\000n\000h\000\040\000v\000\340\000\040\000b\001\260\036\333\000c\000\040\000t\000i\036\277\000p\000\040\000t\000h\000e\000o}{}% 28
\BOOKMARK [2][-]{subsection.12.1}{\376\377\000K\000h\036\263\000n\000g\000\040\001\021\036\313\000n\000h\000\040\000a\000n\000\040\000t\000o\000\340\000n}{section.12}% 29
\BOOKMARK [2][-]{subsection.12.2}{\376\377\001\020\000i\036\301\000u\000\040\000k\000h\000\364\000n\000g\000\040\000k\000h\036\263\000n\000g\000\040\001\021\036\313\000n\000h}{section.12}% 30
\BOOKMARK [2][-]{subsection.12.3}{\376\377\000B\001\260\036\333\000c\000\040\000t\000i\036\277\000p\000\040\000t\000h\000e\000o}{section.12}% 31
\BOOKMARK [1][-]{section.13}{\376\377\000C\000\342\000u\000\040\000H\036\317\000i\000\040\000M\000e\000n\000t\000o\000r\000\040\000C\000\363\000\040\000T\000h\036\303\000\040\000H\036\317\000i}{}% 32
\BOOKMARK [1][-]{section.A}{\376\377\000P\000h\036\345\000\040\000l\036\345\000c\000\040\000c\036\245\000u\000\040\000h\000\354\000n\000h}{}% 33
\BOOKMARK [2][-]{subsection.A.1}{\376\377\000H\036\323\000\040\000s\001\241\000\040\000d\000a\000t\000a\000s\000e\000t\000\040\000t\000r\000o\000n\000g\000\040\000r\000u\000n\000t\000i\000m\000e}{section.A}% 34
\BOOKMARK [2][-]{subsection.A.2}{\376\377\000C\036\245\000u\000\040\000h\000\354\000n\000h\000\040\000i\000n\000g\000e\000s\000t\000\040\000v\000\340\000\040\000a\000r\000t\000i\000f\000a\000c\000t}{section.A}% 35
\BOOKMARK [2][-]{subsection.A.3}{\376\377\000C\036\245\000u\000\040\000h\000\354\000n\000h\000\040\000r\000e\000t\000r\000i\000e\000v\000a\000l\000\040\000v\000\340\000\040\000b\000e\000n\000c\000h\000m\000a\000r\000k}{section.A}% 36
\BOOKMARK [2][-]{subsection.A.4}{\376\377\000C\036\245\000u\000\040\000h\000\354\000n\000h\000\040\000r\000u\000n\000t\000i\000m\000e\000,\000\040\000A\000P\000I\000\040\000v\000\340\000\040\000c\000a\000c\000h\000e}{section.A}% 37
\BOOKMARK [2][-]{subsection.A.5}{\376\377\000C\036\245\000u\000\040\000h\000\354\000n\000h\000\040\000s\000e\000m\000a\000n\000t\000i\000c\000\040\000m\000e\000t\000a\000d\000a\000t\000a}{section.A}% 38
\BOOKMARK [2][-]{subsection.A.6}{\376\377\000L\036\307\000n\000h\000\040\000r\000e\000p\000r\000o\000d\000u\000c\000e\000\040\000t\036\321\000i\000\040\000t\000h\000i\036\303\000u}{section.A}% 39
\BOOKMARK [2][-]{subsection.A.7}{\376\377\000C\036\245\000u\000\040\000h\000\354\000n\000h\000\040\000r\000e\000n\000d\000e\000r\000\040\000b\000\341\000o\000\040\000c\000\341\000o}{section.A}% 40
